<?xml version="1.0" encoding="UTF-8"?>
<testng-results skipped="0" failed="1" total="3" passed="2">
  <reporter-output>
  </reporter-output>
  <suite name="Default suite" duration-ms="119337" started-at="2021-12-13T14:09:39Z" finished-at="2021-12-13T14:11:38Z">
    <groups>
    </groups>
    <test name="Default test" duration-ms="119337" started-at="2021-12-13T14:09:39Z" finished-at="2021-12-13T14:11:38Z">
      <class name="Tests.TestCasesExecution">
        <test-method status="PASS" signature="LaunchBroser()[pri:0, instance:Tests.TestCasesExecution@4501b7af]" name="LaunchBroser" is-config="true" duration-ms="15064" started-at="2021-12-13T19:39:39Z" finished-at="2021-12-13T19:39:54Z">
          <reporter-output>
          </reporter-output>
        </test-method> <!-- LaunchBroser -->
        <test-method status="PASS" signature="logIn(java.lang.String, java.lang.String)[pri:0, instance:Tests.TestCasesExecution@4501b7af]" name="logIn" duration-ms="11105" started-at="2021-12-13T19:39:54Z" data-provider="logInCreds" finished-at="2021-12-13T19:40:06Z">
          <params>
            <param index="0">
              <value>
                <![CDATA[sapna91191@gmail.com]]>
              </value>
            </param>
            <param index="1">
              <value>
                <![CDATA[test@123]]>
              </value>
            </param>
          </params>
          <reporter-output>
          </reporter-output>
        </test-method> <!-- logIn -->
        <test-method status="PASS" signature="quit()[pri:0, instance:Tests.TestCasesExecution@4501b7af]" name="quit" is-config="true" duration-ms="741" started-at="2021-12-13T19:40:06Z" finished-at="2021-12-13T19:40:06Z">
          <reporter-output>
          </reporter-output>
        </test-method> <!-- quit -->
        <test-method status="PASS" signature="LaunchBroser()[pri:0, instance:Tests.TestCasesExecution@4501b7af]" name="LaunchBroser" is-config="true" duration-ms="13198" started-at="2021-12-13T19:40:06Z" finished-at="2021-12-13T19:40:19Z">
          <reporter-output>
          </reporter-output>
        </test-method> <!-- LaunchBroser -->
        <test-method status="FAIL" signature="logIn(java.lang.String, java.lang.String)[pri:0, instance:Tests.TestCasesExecution@4501b7af]" name="logIn" duration-ms="7475" started-at="2021-12-13T19:40:19Z" data-provider="logInCreds" finished-at="2021-12-13T19:40:27Z">
          <params>
            <param index="0">
              <value>
                <![CDATA[sample1]]>
              </value>
            </param>
            <param index="1">
              <value>
                <![CDATA[pwd1]]>
              </value>
            </param>
          </params>
          <exception class="java.lang.AssertionError">
            <message>
              <![CDATA[expected [My account - My Store] but found [Login - My Store]]]>
            </message>
            <full-stacktrace>
              <![CDATA[java.lang.AssertionError: expected [My account - My Store] but found [Login - My Store]
	at org.testng.Assert.fail(Assert.java:94)
	at org.testng.Assert.failNotEquals(Assert.java:513)
	at org.testng.Assert.assertEqualsImpl(Assert.java:135)
	at org.testng.Assert.assertEquals(Assert.java:116)
	at org.testng.Assert.assertEquals(Assert.java:190)
	at org.testng.Assert.assertEquals(Assert.java:200)
	at Pages.HomePage.ValidateHomePageTitle(HomePage.java:39)
	at Tests.TestCasesExecution.logIn(TestCasesExecution.java:49)
	at sun.reflect.NativeMethodAccessorImpl.invoke0(Native Method)
	at sun.reflect.NativeMethodAccessorImpl.invoke(Unknown Source)
	at sun.reflect.DelegatingMethodAccessorImpl.invoke(Unknown Source)
	at java.lang.reflect.Method.invoke(Unknown Source)
	at org.testng.internal.MethodInvocationHelper.invokeMethod(MethodInvocationHelper.java:100)
	at org.testng.internal.Invoker.invokeMethod(Invoker.java:646)
	at org.testng.internal.Invoker.invokeTestMethod(Invoker.java:811)
	at org.testng.internal.Invoker.invokeTestMethods(Invoker.java:1137)
	at org.testng.internal.TestMethodWorker.invokeTestMethods(TestMethodWorker.java:129)
	at org.testng.internal.TestMethodWorker.run(TestMethodWorker.java:112)
	at org.testng.TestRunner.privateRun(TestRunner.java:753)
	at org.testng.TestRunner.run(TestRunner.java:607)
	at org.testng.SuiteRunner.runTest(SuiteRunner.java:368)
	at org.testng.SuiteRunner.runSequentially(SuiteRunner.java:363)
	at org.testng.SuiteRunner.privateRun(SuiteRunner.java:321)
	at org.testng.SuiteRunner.run(SuiteRunner.java:270)
	at org.testng.SuiteRunnerWorker.runSuite(SuiteRunnerWorker.java:52)
	at org.testng.SuiteRunnerWorker.run(SuiteRunnerWorker.java:86)
	at org.testng.TestNG.runSuitesSequentially(TestNG.java:1284)
	at org.testng.TestNG.runSuitesLocally(TestNG.java:1209)
	at org.testng.TestNG.runSuites(TestNG.java:1124)
	at org.testng.TestNG.run(TestNG.java:1096)
	at org.testng.remote.AbstractRemoteTestNG.run(AbstractRemoteTestNG.java:132)
	at org.testng.remote.RemoteTestNG.initAndRun(RemoteTestNG.java:236)
	at org.testng.remote.RemoteTestNG.main(RemoteTestNG.java:81)
]]>
            </full-stacktrace>
          </exception> <!-- java.lang.AssertionError -->
          <reporter-output>
          </reporter-output>
        </test-method> <!-- logIn -->
        <test-method status="PASS" signature="quit()[pri:0, instance:Tests.TestCasesExecution@4501b7af]" name="quit" is-config="true" duration-ms="736" started-at="2021-12-13T19:40:27Z" finished-at="2021-12-13T19:40:28Z">
          <reporter-output>
          </reporter-output>
        </test-method> <!-- quit -->
        <test-method status="PASS" signature="LaunchBroser()[pri:0, instance:Tests.TestCasesExecution@4501b7af]" name="LaunchBroser" is-config="true" duration-ms="11878" started-at="2021-12-13T19:40:28Z" finished-at="2021-12-13T19:40:40Z">
          <reporter-output>
          </reporter-output>
        </test-method> <!-- LaunchBroser -->
        <test-method status="PASS" signature="orderCreation()[pri:1, instance:Tests.TestCasesExecution@4501b7af]" name="orderCreation" duration-ms="57628" started-at="2021-12-13T19:40:40Z" finished-at="2021-12-13T19:41:37Z">
          <reporter-output>
          </reporter-output>
        </test-method> <!-- orderCreation -->
        <test-method status="PASS" signature="quit()[pri:0, instance:Tests.TestCasesExecution@4501b7af]" name="quit" is-config="true" duration-ms="755" started-at="2021-12-13T19:41:37Z" finished-at="2021-12-13T19:41:38Z">
          <reporter-output>
          </reporter-output>
        </test-method> <!-- quit -->
      </class> <!-- Tests.TestCasesExecution -->
    </test> <!-- Default test -->
  </suite> <!-- Default suite -->
</testng-results>
